<?xml version="1.0" encoding="UTF-8"?>
<testng-results ignored="0" total="1" passed="1" failed="0" skipped="0">
  <reporter-output>
  </reporter-output>
  <suite started-at="2025-04-28T18:42:51 IST" name="Default suite" finished-at="2025-04-28T18:43:26 IST" duration-ms="35743">
    <groups>
    </groups>
    <test started-at="2025-04-28T18:42:51 IST" name="Default test" finished-at="2025-04-28T18:43:26 IST" duration-ms="35743">
      <class name="practice.duplicateCheckbox">
        <test-method signature="sugarCRM()[pri:2, instance:practice.duplicateCheckbox@4afcd809]" started-at="2025-04-28T18:42:51 IST" name="sugarCRM" finished-at="2025-04-28T18:43:26 IST" duration-ms="35699" status="PASS">
          <reporter-output>
          </reporter-output>
        </test-method> <!-- sugarCRM -->
      </class> <!-- practice.duplicateCheckbox -->
    </test> <!-- Default test -->
  </suite> <!-- Default suite -->
</testng-results>
