<?xml version="1.0" encoding="UTF-8"?>
<!-- Generated by org.testng.reporters.JUnitReportReporter -->
<testsuite hostname="LAPTOP-HPGF5SGE" failures="0" tests="2" name="practice.duplicateCheckbox" time="35.699" errors="0" timestamp="2025-04-28T18:43:27 IST" skipped="1">
  <testcase classname="practice.duplicateCheckbox" name="sugarCRM" time="35.699"/>
  <testcase classname="practice.duplicateCheckbox" name="checkbox">
    <skipped/>
  </testcase> <!-- checkbox -->
</testsuite> <!-- practice.duplicateCheckbox -->
